<?xml version="1.0" encoding="UTF-8"?>
<!-- Generated by org.testng.reporters.JUnitXMLReporter -->
<testsuite ignored="0" hostname="DESKTOP-SD05CBJ" failures="1" tests="1" name="Default test(failed)" time="12.086" errors="0" timestamp="2022-07-09T10:57:06 IST">
  <testcase classname="TestNGDemo.ExecuteFailedTestCases.TestDemo" name="test02" time="0.012">
    <failure type="java.lang.AssertionError" message="expected [true] but found [false]">
      <![CDATA[java.lang.AssertionError: expected [true] but found [false]
at TestNGDemo.ExecuteFailedTestCases.TestDemo.test02(TestDemo.java:22)
at java.base/java.util.ArrayList.forEach(ArrayList.java:1511)
... Removed 33 stack frames]]>
    </failure>
  </testcase> <!-- test02 -->
</testsuite> <!-- Default test(failed) -->
