<?xml version="1.0" encoding="UTF-8"?>
<!-- Generated by org.testng.reporters.JUnitXMLReporter -->
<testsuite ignored="0" hostname="DESKTOP-SD05CBJ" failures="1" tests="1" name="Test(failed)" time="12.342" errors="0" timestamp="2022-07-09T11:12:03 IST">
  <testcase classname="TestNGDemo.ExecuteFailedTestCases.TestDemo" name="test01" time="0.013">
    <failure type="java.lang.AssertionError" message="expected [true] but found [false]">
      <![CDATA[java.lang.AssertionError: expected [true] but found [false]
at TestNGDemo.ExecuteFailedTestCases.TestDemo.test01(TestDemo.java:22)
at java.base/java.util.ArrayList.forEach(ArrayList.java:1511)
... Removed 33 stack frames]]>
    </failure>
  </testcase> <!-- test01 -->
</testsuite> <!-- Test(failed) -->
